{
  "stats": {
    "suites": 1,
    "tests": 1,
    "passes": 1,
    "pending": 0,
    "failures": 0,
    "start": "2025-06-06T16:02:13.190Z",
    "end": "2025-06-06T16:02:41.681Z",
    "duration": 28491,
    "testsRegistered": 1,
    "passPercent": 100,
    "pendingPercent": 0,
    "other": 0,
    "hasOther": false,
    "skipped": 0,
    "hasSkipped": false
  },
  "results": [
    {
      "uuid": "08461cd3-e43b-4798-9455-16e1eaefa97b",
      "title": "",
      "fullFile": "cypress/e2e/youtube.cy.js",
      "file": "cypress/e2e/youtube.cy.js",
      "beforeHooks": [],
      "afterHooks": [],
      "tests": [],
      "suites": [
        {
          "uuid": "db36e5e1-2659-4bdd-b210-a1324d68a846",
          "title": "YouTube Trending",
          "fullFile": "",
          "file": "",
          "beforeHooks": [],
          "afterHooks": [],
          "tests": [
            {
              "title": "should navigate to trending page, select Movies category and verify video title and channel",
              "fullTitle": "YouTube Trending should navigate to trending page, select Movies category and verify video title and channel",
              "timedOut": null,
              "duration": 17271,
              "state": "passed",
              "speed": "slow",
              "pass": true,
              "fail": false,
              "pending": false,
              "context": null,
              "code": "cy.viewport(1920, 1080); // Set viewport ke 1920x1080\n_youtube.default.visitTrendingPage();\n_youtube.default.selectMoviesCategory();\n_youtube.default.waitVideoToDisplay();\n_youtube.default.selectThirdTrendingVideo();\n_youtube.default.verifyVideoTitle();\n_youtube.default.verifyChannelName();",
              "err": {},
              "uuid": "680ec5e9-937c-49dd-bb5f-49393ca0adac",
              "parentUUID": "db36e5e1-2659-4bdd-b210-a1324d68a846",
              "isHook": false,
              "skipped": false
            }
          ],
          "suites": [],
          "passes": [
            "680ec5e9-937c-49dd-bb5f-49393ca0adac"
          ],
          "failures": [],
          "pending": [],
          "skipped": [],
          "duration": 17271,
          "root": false,
          "rootEmpty": false,
          "_timeout": 2000
        }
      ],
      "passes": [],
      "failures": [],
      "pending": [],
      "skipped": [],
      "duration": 0,
      "root": true,
      "rootEmpty": true,
      "_timeout": 2000
    }
  ],
  "meta": {
    "mocha": {
      "version": "7.2.0"
    },
    "mochawesome": {
      "options": {
        "quiet": false,
        "reportFilename": "mochawesome",
        "saveHtml": true,
        "saveJson": true,
        "consoleReporter": "spec",
        "useInlineDiffs": false,
        "code": true
      },
      "version": "7.1.3"
    },
    "marge": {
      "options": {
        "reportDir": "cypress/reports/html",
        "overwrite": true,
        "html": true,
        "json": true
      },
      "version": "6.2.0"
    }
  }
}